# Logfile created on 2014-01-20 13:44:22 -0800 by logger.rb/44203
I, [2014-01-20T13:44:22.986796 #95416]  INFO -- : 0:  rake (10.1.1) from /usr/local/rvm/gems/ruby-2.1.0/specifications/rake-10.1.1.gemspec
I, [2014-01-20T13:44:22.987387 #95416]  INFO -- : 0:  i18n (0.6.9) from /usr/local/rvm/gems/ruby-2.1.0/specifications/i18n-0.6.9.gemspec
I, [2014-01-20T13:44:22.987830 #95416]  INFO -- : 0:  minitest (4.7.5) from /usr/local/rvm/rubies/ruby-2.1.0/lib/ruby/gems/2.1.0/specifications/default/minitest-4.7.5.gemspec
I, [2014-01-20T13:44:22.988258 #95416]  INFO -- : 0:  multi_json (1.8.4) from /usr/local/rvm/gems/ruby-2.1.0/specifications/multi_json-1.8.4.gemspec
I, [2014-01-20T13:44:22.988722 #95416]  INFO -- : 0:  atomic (1.1.14) from /usr/local/rvm/gems/ruby-2.1.0/specifications/atomic-1.1.14.gemspec
I, [2014-01-20T13:44:22.989229 #95416]  INFO -- : 0:  thread_safe (0.1.3) from /usr/local/rvm/gems/ruby-2.1.0/specifications/thread_safe-0.1.3.gemspec
I, [2014-01-20T13:44:22.991047 #95416]  INFO -- : 0:  tzinfo (0.3.38) from /usr/local/rvm/gems/ruby-2.1.0/specifications/tzinfo-0.3.38.gemspec
I, [2014-01-20T13:44:22.992282 #95416]  INFO -- : 0:  activesupport (4.0.2) from /usr/local/rvm/gems/ruby-2.1.0/specifications/activesupport-4.0.2.gemspec
I, [2014-01-20T13:44:22.992895 #95416]  INFO -- : 0:  builder (3.1.4) from /usr/local/rvm/gems/ruby-2.1.0/specifications/builder-3.1.4.gemspec
I, [2014-01-20T13:44:22.993329 #95416]  INFO -- : 0:  erubis (2.7.0) from /usr/local/rvm/gems/ruby-2.1.0/specifications/erubis-2.7.0.gemspec
I, [2014-01-20T13:44:22.993758 #95416]  INFO -- : 0:  rack (1.5.2) from /usr/local/rvm/gems/ruby-2.1.0/specifications/rack-1.5.2.gemspec
I, [2014-01-20T13:44:22.994178 #95416]  INFO -- : 0:  rack-test (0.6.2) from /usr/local/rvm/gems/ruby-2.1.0/specifications/rack-test-0.6.2.gemspec
I, [2014-01-20T13:44:22.994567 #95416]  INFO -- : 0:  actionpack (4.0.2) from /usr/local/rvm/gems/ruby-2.1.0/specifications/actionpack-4.0.2.gemspec
I, [2014-01-20T13:44:22.994957 #95416]  INFO -- : 0:  mime-types (1.25.1) from /usr/local/rvm/gems/ruby-2.1.0/specifications/mime-types-1.25.1.gemspec
I, [2014-01-20T13:44:22.995334 #95416]  INFO -- : 0:  polyglot (0.3.3) from /usr/local/rvm/gems/ruby-2.1.0/specifications/polyglot-0.3.3.gemspec
I, [2014-01-20T13:44:22.995681 #95416]  INFO -- : 0:  treetop (1.4.15) from /usr/local/rvm/gems/ruby-2.1.0/specifications/treetop-1.4.15.gemspec
I, [2014-01-20T13:44:22.996021 #95416]  INFO -- : 0:  mail (2.5.4) from /usr/local/rvm/gems/ruby-2.1.0/specifications/mail-2.5.4.gemspec
I, [2014-01-20T13:44:22.996373 #95416]  INFO -- : 0:  actionmailer (4.0.2) from /usr/local/rvm/gems/ruby-2.1.0/specifications/actionmailer-4.0.2.gemspec
I, [2014-01-20T13:44:22.997288 #95416]  INFO -- : 0:  activemodel (4.0.2) from /usr/local/rvm/gems/ruby-2.1.0/specifications/activemodel-4.0.2.gemspec
I, [2014-01-20T13:44:22.997972 #95416]  INFO -- : 0:  activerecord-deprecated_finders (1.0.3) from /usr/local/rvm/gems/ruby-2.1.0/specifications/activerecord-deprecated_finders-1.0.3.gemspec
I, [2014-01-20T13:44:22.998523 #95416]  INFO -- : 0:  arel (4.0.1) from /usr/local/rvm/gems/ruby-2.1.0/specifications/arel-4.0.1.gemspec
I, [2014-01-20T13:44:22.999000 #95416]  INFO -- : 0:  activerecord (4.0.2) from /usr/local/rvm/gems/ruby-2.1.0/specifications/activerecord-4.0.2.gemspec
I, [2014-01-20T13:44:22.999389 #95416]  INFO -- : 0:  mini_portile (0.5.2) from /usr/local/rvm/gems/ruby-2.1.0/specifications/mini_portile-0.5.2.gemspec
I, [2014-01-20T13:44:22.999725 #95416]  INFO -- : 0:  nokogiri (1.6.1) from /usr/local/rvm/gems/ruby-2.1.0/specifications/nokogiri-1.6.1.gemspec
I, [2014-01-20T13:44:23.003330 #95416]  INFO -- : 0:  xpath (2.0.0) from /usr/local/rvm/gems/ruby-2.1.0/specifications/xpath-2.0.0.gemspec
I, [2014-01-20T13:44:23.003809 #95416]  INFO -- : 0:  capybara (2.1.0) from /usr/local/rvm/gems/ruby-2.1.0/specifications/capybara-2.1.0.gemspec
I, [2014-01-20T13:44:23.004309 #95416]  INFO -- : 0:  coffee-script-source (1.6.3) from /usr/local/rvm/gems/ruby-2.1.0/specifications/coffee-script-source-1.6.3.gemspec
I, [2014-01-20T13:44:23.004868 #95416]  INFO -- : 0:  execjs (2.0.2) from /usr/local/rvm/gems/ruby-2.1.0/specifications/execjs-2.0.2.gemspec
I, [2014-01-20T13:44:23.018653 #95416]  INFO -- : 0:  coffee-script (2.2.0) from /usr/local/rvm/gems/ruby-2.1.0/specifications/coffee-script-2.2.0.gemspec
I, [2014-01-20T13:44:23.019152 #95416]  INFO -- : 0:  thor (0.18.1) from /usr/local/rvm/gems/ruby-2.1.0/specifications/thor-0.18.1.gemspec
I, [2014-01-20T13:44:23.019527 #95416]  INFO -- : 0:  railties (4.0.2) from /usr/local/rvm/gems/ruby-2.1.0/specifications/railties-4.0.2.gemspec
I, [2014-01-20T13:44:23.019886 #95416]  INFO -- : 0:  coffee-rails (4.0.1) from /usr/local/rvm/gems/ruby-2.1.0/specifications/coffee-rails-4.0.1.gemspec
I, [2014-01-20T13:44:23.020225 #95416]  INFO -- : 0:  diff-lcs (1.2.5) from /usr/local/rvm/gems/ruby-2.1.0/specifications/diff-lcs-1.2.5.gemspec
I, [2014-01-20T13:44:23.020577 #95416]  INFO -- : 0:  hike (1.2.3) from /usr/local/rvm/gems/ruby-2.1.0/specifications/hike-1.2.3.gemspec
I, [2014-01-20T13:44:23.020902 #95416]  INFO -- : 0:  jbuilder (1.5.3) from /usr/local/rvm/gems/ruby-2.1.0/specifications/jbuilder-1.5.3.gemspec
I, [2014-01-20T13:44:23.021250 #95416]  INFO -- : 0:  jquery-rails (3.0.4) from /usr/local/rvm/gems/ruby-2.1.0/specifications/jquery-rails-3.0.4.gemspec
I, [2014-01-20T13:44:23.021595 #95416]  INFO -- : 0:  json (1.8.1) from /usr/local/rvm/rubies/ruby-2.1.0/lib/ruby/gems/2.1.0/specifications/default/json-1.8.1.gemspec
I, [2014-01-20T13:44:23.021929 #95416]  INFO -- : 0:  bundler (1.5.1) from /usr/local/rvm/gems/ruby-2.1.0@global/specifications/bundler-1.5.1.gemspec
I, [2014-01-20T13:44:23.022257 #95416]  INFO -- : 0:  tilt (1.4.1) from /usr/local/rvm/gems/ruby-2.1.0/specifications/tilt-1.4.1.gemspec
I, [2014-01-20T13:44:23.022619 #95416]  INFO -- : 0:  sprockets (2.10.1) from /usr/local/rvm/gems/ruby-2.1.0/specifications/sprockets-2.10.1.gemspec
I, [2014-01-20T13:44:23.023003 #95416]  INFO -- : 0:  sprockets-rails (2.0.1) from /usr/local/rvm/gems/ruby-2.1.0/specifications/sprockets-rails-2.0.1.gemspec
I, [2014-01-20T13:44:23.023378 #95416]  INFO -- : 0:  rails (4.0.2) from /usr/local/rvm/gems/ruby-2.1.0/specifications/rails-4.0.2.gemspec
I, [2014-01-20T13:44:23.023790 #95416]  INFO -- : 0:  rdoc (4.1.1) from /usr/local/rvm/gems/ruby-2.1.0/specifications/rdoc-4.1.1.gemspec
I, [2014-01-20T13:44:23.024165 #95416]  INFO -- : 0:  rspec-core (2.14.7) from /usr/local/rvm/gems/ruby-2.1.0/specifications/rspec-core-2.14.7.gemspec
I, [2014-01-20T13:44:23.024744 #95416]  INFO -- : 0:  rspec-expectations (2.14.4) from /usr/local/rvm/gems/ruby-2.1.0/specifications/rspec-expectations-2.14.4.gemspec
I, [2014-01-20T13:44:23.025795 #95416]  INFO -- : 0:  rspec-mocks (2.14.4) from /usr/local/rvm/gems/ruby-2.1.0/specifications/rspec-mocks-2.14.4.gemspec
I, [2014-01-20T13:44:23.026328 #95416]  INFO -- : 0:  rspec-rails (2.14.1) from /usr/local/rvm/gems/ruby-2.1.0/specifications/rspec-rails-2.14.1.gemspec
I, [2014-01-20T13:44:23.026696 #95416]  INFO -- : 0:  sass (3.2.13) from /usr/local/rvm/gems/ruby-2.1.0/specifications/sass-3.2.13.gemspec
I, [2014-01-20T13:44:23.027074 #95416]  INFO -- : 0:  sass-rails (4.0.1) from /usr/local/rvm/gems/ruby-2.1.0/specifications/sass-rails-4.0.1.gemspec
I, [2014-01-20T13:44:23.027440 #95416]  INFO -- : 0:  sdoc (0.4.0) from /usr/local/rvm/gems/ruby-2.1.0/specifications/sdoc-0.4.0.gemspec
I, [2014-01-20T13:44:23.027776 #95416]  INFO -- : 0:  sqlite3 (1.3.8) from /usr/local/rvm/gems/ruby-2.1.0/specifications/sqlite3-1.3.8.gemspec
I, [2014-01-20T13:44:23.028141 #95416]  INFO -- : 0:  turbolinks (2.2.0) from /usr/local/rvm/gems/ruby-2.1.0/specifications/turbolinks-2.2.0.gemspec
I, [2014-01-20T13:44:23.028506 #95416]  INFO -- : 0:  uglifier (2.4.0) from /usr/local/rvm/gems/ruby-2.1.0/specifications/uglifier-2.4.0.gemspec
I, [2014-01-21T18:03:44.197195 #29781]  INFO -- : 0:  rake (10.1.1) from /usr/local/rvm/gems/ruby-2.1.0/specifications/rake-10.1.1.gemspec
I, [2014-01-21T18:03:44.216040 #29781]  INFO -- : 0:  i18n (0.6.9) from /usr/local/rvm/gems/ruby-2.1.0/specifications/i18n-0.6.9.gemspec
I, [2014-01-21T18:03:44.216531 #29781]  INFO -- : 0:  minitest (4.7.5) from /usr/local/rvm/rubies/ruby-2.1.0/lib/ruby/gems/2.1.0/specifications/default/minitest-4.7.5.gemspec
I, [2014-01-21T18:03:44.216938 #29781]  INFO -- : 0:  multi_json (1.8.4) from /usr/local/rvm/gems/ruby-2.1.0/specifications/multi_json-1.8.4.gemspec
I, [2014-01-21T18:03:44.217351 #29781]  INFO -- : 0:  atomic (1.1.14) from /usr/local/rvm/gems/ruby-2.1.0/specifications/atomic-1.1.14.gemspec
I, [2014-01-21T18:03:44.217750 #29781]  INFO -- : 0:  thread_safe (0.1.3) from /usr/local/rvm/gems/ruby-2.1.0/specifications/thread_safe-0.1.3.gemspec
I, [2014-01-21T18:03:44.218141 #29781]  INFO -- : 0:  tzinfo (0.3.38) from /usr/local/rvm/gems/ruby-2.1.0/specifications/tzinfo-0.3.38.gemspec
I, [2014-01-21T18:03:44.218620 #29781]  INFO -- : 0:  activesupport (4.0.2) from /usr/local/rvm/gems/ruby-2.1.0/specifications/activesupport-4.0.2.gemspec
I, [2014-01-21T18:03:44.219032 #29781]  INFO -- : 0:  builder (3.1.4) from /usr/local/rvm/gems/ruby-2.1.0/specifications/builder-3.1.4.gemspec
I, [2014-01-21T18:03:44.219436 #29781]  INFO -- : 0:  erubis (2.7.0) from /usr/local/rvm/gems/ruby-2.1.0/specifications/erubis-2.7.0.gemspec
I, [2014-01-21T18:03:44.219829 #29781]  INFO -- : 0:  rack (1.5.2) from /usr/local/rvm/gems/ruby-2.1.0/specifications/rack-1.5.2.gemspec
I, [2014-01-21T18:03:44.220220 #29781]  INFO -- : 0:  rack-test (0.6.2) from /usr/local/rvm/gems/ruby-2.1.0/specifications/rack-test-0.6.2.gemspec
I, [2014-01-21T18:03:44.220623 #29781]  INFO -- : 0:  actionpack (4.0.2) from /usr/local/rvm/gems/ruby-2.1.0/specifications/actionpack-4.0.2.gemspec
I, [2014-01-21T18:03:44.221025 #29781]  INFO -- : 0:  mime-types (1.25.1) from /usr/local/rvm/gems/ruby-2.1.0/specifications/mime-types-1.25.1.gemspec
I, [2014-01-21T18:03:44.221427 #29781]  INFO -- : 0:  polyglot (0.3.3) from /usr/local/rvm/gems/ruby-2.1.0/specifications/polyglot-0.3.3.gemspec
I, [2014-01-21T18:03:44.221835 #29781]  INFO -- : 0:  treetop (1.4.15) from /usr/local/rvm/gems/ruby-2.1.0/specifications/treetop-1.4.15.gemspec
I, [2014-01-21T18:03:44.222235 #29781]  INFO -- : 0:  mail (2.5.4) from /usr/local/rvm/gems/ruby-2.1.0/specifications/mail-2.5.4.gemspec
I, [2014-01-21T18:03:44.222633 #29781]  INFO -- : 0:  actionmailer (4.0.2) from /usr/local/rvm/gems/ruby-2.1.0/specifications/actionmailer-4.0.2.gemspec
I, [2014-01-21T18:03:44.223030 #29781]  INFO -- : 0:  activemodel (4.0.2) from /usr/local/rvm/gems/ruby-2.1.0/specifications/activemodel-4.0.2.gemspec
I, [2014-01-21T18:03:44.223489 #29781]  INFO -- : 0:  activerecord-deprecated_finders (1.0.3) from /usr/local/rvm/gems/ruby-2.1.0/specifications/activerecord-deprecated_finders-1.0.3.gemspec
I, [2014-01-21T18:03:44.223903 #29781]  INFO -- : 0:  arel (4.0.1) from /usr/local/rvm/gems/ruby-2.1.0/specifications/arel-4.0.1.gemspec
I, [2014-01-21T18:03:44.224304 #29781]  INFO -- : 0:  activerecord (4.0.2) from /usr/local/rvm/gems/ruby-2.1.0/specifications/activerecord-4.0.2.gemspec
I, [2014-01-21T18:03:44.224652 #29781]  INFO -- : 0:  bundler (1.5.1) from /usr/local/rvm/gems/ruby-2.1.0@global/specifications/bundler-1.5.1.gemspec
I, [2014-01-21T18:03:44.225010 #29781]  INFO -- : 0:  mini_portile (0.5.2) from /usr/local/rvm/gems/ruby-2.1.0/specifications/mini_portile-0.5.2.gemspec
I, [2014-01-21T18:03:44.225374 #29781]  INFO -- : 0:  nokogiri (1.6.1) from /usr/local/rvm/gems/ruby-2.1.0/specifications/nokogiri-1.6.1.gemspec
I, [2014-01-21T18:03:44.225723 #29781]  INFO -- : 0:  xpath (2.0.0) from /usr/local/rvm/gems/ruby-2.1.0/specifications/xpath-2.0.0.gemspec
I, [2014-01-21T18:03:44.226097 #29781]  INFO -- : 0:  capybara (2.1.0) from /usr/local/rvm/gems/ruby-2.1.0/specifications/capybara-2.1.0.gemspec
I, [2014-01-21T18:03:44.226456 #29781]  INFO -- : 0:  coffee-script-source (1.6.3) from /usr/local/rvm/gems/ruby-2.1.0/specifications/coffee-script-source-1.6.3.gemspec
I, [2014-01-21T18:03:44.226817 #29781]  INFO -- : 0:  execjs (2.0.2) from /usr/local/rvm/gems/ruby-2.1.0/specifications/execjs-2.0.2.gemspec
I, [2014-01-21T18:03:44.227144 #29781]  INFO -- : 0:  coffee-script (2.2.0) from /usr/local/rvm/gems/ruby-2.1.0/specifications/coffee-script-2.2.0.gemspec
I, [2014-01-21T18:03:44.227499 #29781]  INFO -- : 0:  thor (0.18.1) from /usr/local/rvm/gems/ruby-2.1.0/specifications/thor-0.18.1.gemspec
I, [2014-01-21T18:03:44.227836 #29781]  INFO -- : 0:  railties (4.0.2) from /usr/local/rvm/gems/ruby-2.1.0/specifications/railties-4.0.2.gemspec
I, [2014-01-21T18:03:44.228166 #29781]  INFO -- : 0:  coffee-rails (4.0.1) from /usr/local/rvm/gems/ruby-2.1.0/specifications/coffee-rails-4.0.1.gemspec
I, [2014-01-21T18:03:44.228484 #29781]  INFO -- : 0:  diff-lcs (1.2.5) from /usr/local/rvm/gems/ruby-2.1.0/specifications/diff-lcs-1.2.5.gemspec
I, [2014-01-21T18:03:44.228805 #29781]  INFO -- : 0:  hike (1.2.3) from /usr/local/rvm/gems/ruby-2.1.0/specifications/hike-1.2.3.gemspec
I, [2014-01-21T18:03:44.229127 #29781]  INFO -- : 0:  jbuilder (1.5.3) from /usr/local/rvm/gems/ruby-2.1.0/specifications/jbuilder-1.5.3.gemspec
I, [2014-01-21T18:03:44.229458 #29781]  INFO -- : 0:  jquery-rails (3.0.4) from /usr/local/rvm/gems/ruby-2.1.0/specifications/jquery-rails-3.0.4.gemspec
I, [2014-01-21T18:03:44.229776 #29781]  INFO -- : 0:  json (1.8.1) from /usr/local/rvm/rubies/ruby-2.1.0/lib/ruby/gems/2.1.0/specifications/default/json-1.8.1.gemspec
I, [2014-01-21T18:03:44.230106 #29781]  INFO -- : 0:  tilt (1.4.1) from /usr/local/rvm/gems/ruby-2.1.0/specifications/tilt-1.4.1.gemspec
I, [2014-01-21T18:03:44.230437 #29781]  INFO -- : 0:  sprockets (2.10.1) from /usr/local/rvm/gems/ruby-2.1.0/specifications/sprockets-2.10.1.gemspec
I, [2014-01-21T18:03:44.230754 #29781]  INFO -- : 0:  sprockets-rails (2.0.1) from /usr/local/rvm/gems/ruby-2.1.0/specifications/sprockets-rails-2.0.1.gemspec
I, [2014-01-21T18:03:44.231083 #29781]  INFO -- : 0:  rails (4.0.2) from /usr/local/rvm/gems/ruby-2.1.0/specifications/rails-4.0.2.gemspec
I, [2014-01-21T18:03:44.231423 #29781]  INFO -- : 0:  rdoc (4.1.1) from /usr/local/rvm/gems/ruby-2.1.0/specifications/rdoc-4.1.1.gemspec
I, [2014-01-21T18:03:44.231756 #29781]  INFO -- : 0:  rspec-core (2.14.7) from /usr/local/rvm/gems/ruby-2.1.0/specifications/rspec-core-2.14.7.gemspec
I, [2014-01-21T18:03:44.232090 #29781]  INFO -- : 0:  rspec-expectations (2.14.4) from /usr/local/rvm/gems/ruby-2.1.0/specifications/rspec-expectations-2.14.4.gemspec
I, [2014-01-21T18:03:44.232435 #29781]  INFO -- : 0:  rspec-mocks (2.14.4) from /usr/local/rvm/gems/ruby-2.1.0/specifications/rspec-mocks-2.14.4.gemspec
I, [2014-01-21T18:03:44.232776 #29781]  INFO -- : 0:  rspec-rails (2.14.1) from /usr/local/rvm/gems/ruby-2.1.0/specifications/rspec-rails-2.14.1.gemspec
I, [2014-01-21T18:03:44.233105 #29781]  INFO -- : 0:  sass (3.2.13) from /usr/local/rvm/gems/ruby-2.1.0/specifications/sass-3.2.13.gemspec
I, [2014-01-21T18:03:44.234122 #29781]  INFO -- : 0:  sass-rails (4.0.1) from /usr/local/rvm/gems/ruby-2.1.0/specifications/sass-rails-4.0.1.gemspec
I, [2014-01-21T18:03:44.234479 #29781]  INFO -- : 0:  sdoc (0.4.0) from /usr/local/rvm/gems/ruby-2.1.0/specifications/sdoc-0.4.0.gemspec
I, [2014-01-21T18:03:48.956399 #29781]  INFO -- : 0:  shoulda-matchers (2.5.0) from /usr/local/rvm/gems/ruby-2.1.0/specifications/shoulda-matchers-2.5.0.gemspec
I, [2014-01-21T18:03:48.957166 #29781]  INFO -- : 0:  sqlite3 (1.3.8) from /usr/local/rvm/gems/ruby-2.1.0/specifications/sqlite3-1.3.8.gemspec
I, [2014-01-21T18:03:48.957747 #29781]  INFO -- : 0:  turbolinks (2.2.0) from /usr/local/rvm/gems/ruby-2.1.0/specifications/turbolinks-2.2.0.gemspec
I, [2014-01-21T18:03:48.958250 #29781]  INFO -- : 0:  uglifier (2.4.0) from /usr/local/rvm/gems/ruby-2.1.0/specifications/uglifier-2.4.0.gemspec
I, [2014-01-21T18:04:54.982422 #29785]  INFO -- : 0:  rake (10.1.1) from /usr/local/rvm/gems/ruby-2.1.0/specifications/rake-10.1.1.gemspec
I, [2014-01-21T18:04:54.982958 #29785]  INFO -- : 0:  i18n (0.6.9) from /usr/local/rvm/gems/ruby-2.1.0/specifications/i18n-0.6.9.gemspec
I, [2014-01-21T18:04:54.983325 #29785]  INFO -- : 0:  minitest (4.7.5) from /usr/local/rvm/rubies/ruby-2.1.0/lib/ruby/gems/2.1.0/specifications/default/minitest-4.7.5.gemspec
I, [2014-01-21T18:04:54.984331 #29785]  INFO -- : 0:  multi_json (1.8.4) from /usr/local/rvm/gems/ruby-2.1.0/specifications/multi_json-1.8.4.gemspec
I, [2014-01-21T18:04:54.984690 #29785]  INFO -- : 0:  atomic (1.1.14) from /usr/local/rvm/gems/ruby-2.1.0/specifications/atomic-1.1.14.gemspec
I, [2014-01-21T18:04:54.985054 #29785]  INFO -- : 0:  thread_safe (0.1.3) from /usr/local/rvm/gems/ruby-2.1.0/specifications/thread_safe-0.1.3.gemspec
I, [2014-01-21T18:04:54.985420 #29785]  INFO -- : 0:  tzinfo (0.3.38) from /usr/local/rvm/gems/ruby-2.1.0/specifications/tzinfo-0.3.38.gemspec
I, [2014-01-21T18:04:54.985784 #29785]  INFO -- : 0:  activesupport (4.0.2) from /usr/local/rvm/gems/ruby-2.1.0/specifications/activesupport-4.0.2.gemspec
I, [2014-01-21T18:04:54.986142 #29785]  INFO -- : 0:  builder (3.1.4) from /usr/local/rvm/gems/ruby-2.1.0/specifications/builder-3.1.4.gemspec
I, [2014-01-21T18:04:54.986514 #29785]  INFO -- : 0:  erubis (2.7.0) from /usr/local/rvm/gems/ruby-2.1.0/specifications/erubis-2.7.0.gemspec
I, [2014-01-21T18:04:54.986874 #29785]  INFO -- : 0:  rack (1.5.2) from /usr/local/rvm/gems/ruby-2.1.0/specifications/rack-1.5.2.gemspec
I, [2014-01-21T18:04:54.987238 #29785]  INFO -- : 0:  rack-test (0.6.2) from /usr/local/rvm/gems/ruby-2.1.0/specifications/rack-test-0.6.2.gemspec
I, [2014-01-21T18:04:54.987599 #29785]  INFO -- : 0:  actionpack (4.0.2) from /usr/local/rvm/gems/ruby-2.1.0/specifications/actionpack-4.0.2.gemspec
I, [2014-01-21T18:04:54.987973 #29785]  INFO -- : 0:  mime-types (1.25.1) from /usr/local/rvm/gems/ruby-2.1.0/specifications/mime-types-1.25.1.gemspec
I, [2014-01-21T18:04:54.988338 #29785]  INFO -- : 0:  polyglot (0.3.3) from /usr/local/rvm/gems/ruby-2.1.0/specifications/polyglot-0.3.3.gemspec
I, [2014-01-21T18:04:54.988702 #29785]  INFO -- : 0:  treetop (1.4.15) from /usr/local/rvm/gems/ruby-2.1.0/specifications/treetop-1.4.15.gemspec
I, [2014-01-21T18:04:54.989068 #29785]  INFO -- : 0:  mail (2.5.4) from /usr/local/rvm/gems/ruby-2.1.0/specifications/mail-2.5.4.gemspec
I, [2014-01-21T18:04:54.989426 #29785]  INFO -- : 0:  actionmailer (4.0.2) from /usr/local/rvm/gems/ruby-2.1.0/specifications/actionmailer-4.0.2.gemspec
I, [2014-01-21T18:04:54.989797 #29785]  INFO -- : 0:  activemodel (4.0.2) from /usr/local/rvm/gems/ruby-2.1.0/specifications/activemodel-4.0.2.gemspec
I, [2014-01-21T18:04:54.990159 #29785]  INFO -- : 0:  activerecord-deprecated_finders (1.0.3) from /usr/local/rvm/gems/ruby-2.1.0/specifications/activerecord-deprecated_finders-1.0.3.gemspec
I, [2014-01-21T18:04:54.990521 #29785]  INFO -- : 0:  arel (4.0.1) from /usr/local/rvm/gems/ruby-2.1.0/specifications/arel-4.0.1.gemspec
I, [2014-01-21T18:04:54.990894 #29785]  INFO -- : 0:  activerecord (4.0.2) from /usr/local/rvm/gems/ruby-2.1.0/specifications/activerecord-4.0.2.gemspec
I, [2014-01-21T18:04:54.991274 #29785]  INFO -- : 0:  bundler (1.5.1) from /usr/local/rvm/gems/ruby-2.1.0@global/specifications/bundler-1.5.1.gemspec
I, [2014-01-21T18:04:54.991634 #29785]  INFO -- : 0:  mini_portile (0.5.2) from /usr/local/rvm/gems/ruby-2.1.0/specifications/mini_portile-0.5.2.gemspec
I, [2014-01-21T18:04:54.991998 #29785]  INFO -- : 0:  nokogiri (1.6.1) from /usr/local/rvm/gems/ruby-2.1.0/specifications/nokogiri-1.6.1.gemspec
I, [2014-01-21T18:04:54.992360 #29785]  INFO -- : 0:  xpath (2.0.0) from /usr/local/rvm/gems/ruby-2.1.0/specifications/xpath-2.0.0.gemspec
I, [2014-01-21T18:04:54.992715 #29785]  INFO -- : 0:  capybara (2.1.0) from /usr/local/rvm/gems/ruby-2.1.0/specifications/capybara-2.1.0.gemspec
I, [2014-01-21T18:04:54.993095 #29785]  INFO -- : 0:  coffee-script-source (1.6.3) from /usr/local/rvm/gems/ruby-2.1.0/specifications/coffee-script-source-1.6.3.gemspec
I, [2014-01-21T18:04:54.993456 #29785]  INFO -- : 0:  execjs (2.0.2) from /usr/local/rvm/gems/ruby-2.1.0/specifications/execjs-2.0.2.gemspec
I, [2014-01-21T18:04:54.996497 #29785]  INFO -- : 0:  coffee-script (2.2.0) from /usr/local/rvm/gems/ruby-2.1.0/specifications/coffee-script-2.2.0.gemspec
I, [2014-01-21T18:04:54.996959 #29785]  INFO -- : 0:  thor (0.18.1) from /usr/local/rvm/gems/ruby-2.1.0/specifications/thor-0.18.1.gemspec
I, [2014-01-21T18:04:54.997389 #29785]  INFO -- : 0:  railties (4.0.2) from /usr/local/rvm/gems/ruby-2.1.0/specifications/railties-4.0.2.gemspec
I, [2014-01-21T18:04:54.997758 #29785]  INFO -- : 0:  coffee-rails (4.0.1) from /usr/local/rvm/gems/ruby-2.1.0/specifications/coffee-rails-4.0.1.gemspec
I, [2014-01-21T18:04:54.998115 #29785]  INFO -- : 0:  diff-lcs (1.2.5) from /usr/local/rvm/gems/ruby-2.1.0/specifications/diff-lcs-1.2.5.gemspec
I, [2014-01-21T18:04:54.998542 #29785]  INFO -- : 0:  hike (1.2.3) from /usr/local/rvm/gems/ruby-2.1.0/specifications/hike-1.2.3.gemspec
I, [2014-01-21T18:04:54.998901 #29785]  INFO -- : 0:  jbuilder (1.5.3) from /usr/local/rvm/gems/ruby-2.1.0/specifications/jbuilder-1.5.3.gemspec
I, [2014-01-21T18:04:54.999251 #29785]  INFO -- : 0:  jquery-rails (3.0.4) from /usr/local/rvm/gems/ruby-2.1.0/specifications/jquery-rails-3.0.4.gemspec
I, [2014-01-21T18:04:54.999613 #29785]  INFO -- : 0:  json (1.8.1) from /usr/local/rvm/rubies/ruby-2.1.0/lib/ruby/gems/2.1.0/specifications/default/json-1.8.1.gemspec
I, [2014-01-21T18:04:55.000015 #29785]  INFO -- : 0:  tilt (1.4.1) from /usr/local/rvm/gems/ruby-2.1.0/specifications/tilt-1.4.1.gemspec
I, [2014-01-21T18:04:55.000631 #29785]  INFO -- : 0:  sprockets (2.10.1) from /usr/local/rvm/gems/ruby-2.1.0/specifications/sprockets-2.10.1.gemspec
I, [2014-01-21T18:04:55.001467 #29785]  INFO -- : 0:  sprockets-rails (2.0.1) from /usr/local/rvm/gems/ruby-2.1.0/specifications/sprockets-rails-2.0.1.gemspec
I, [2014-01-21T18:04:55.002166 #29785]  INFO -- : 0:  rails (4.0.2) from /usr/local/rvm/gems/ruby-2.1.0/specifications/rails-4.0.2.gemspec
I, [2014-01-21T18:04:55.002617 #29785]  INFO -- : 0:  rdoc (4.1.1) from /usr/local/rvm/gems/ruby-2.1.0/specifications/rdoc-4.1.1.gemspec
I, [2014-01-21T18:04:55.003118 #29785]  INFO -- : 0:  rspec-core (2.14.7) from /usr/local/rvm/gems/ruby-2.1.0/specifications/rspec-core-2.14.7.gemspec
I, [2014-01-21T18:04:55.003561 #29785]  INFO -- : 0:  rspec-expectations (2.14.4) from /usr/local/rvm/gems/ruby-2.1.0/specifications/rspec-expectations-2.14.4.gemspec
I, [2014-01-21T18:04:55.004124 #29785]  INFO -- : 0:  rspec-mocks (2.14.4) from /usr/local/rvm/gems/ruby-2.1.0/specifications/rspec-mocks-2.14.4.gemspec
I, [2014-01-21T18:04:55.004522 #29785]  INFO -- : 0:  rspec-rails (2.14.1) from /usr/local/rvm/gems/ruby-2.1.0/specifications/rspec-rails-2.14.1.gemspec
I, [2014-01-21T18:04:55.004947 #29785]  INFO -- : 0:  sass (3.2.13) from /usr/local/rvm/gems/ruby-2.1.0/specifications/sass-3.2.13.gemspec
I, [2014-01-21T18:04:55.005311 #29785]  INFO -- : 0:  sass-rails (4.0.1) from /usr/local/rvm/gems/ruby-2.1.0/specifications/sass-rails-4.0.1.gemspec
I, [2014-01-21T18:04:55.005653 #29785]  INFO -- : 0:  sdoc (0.4.0) from /usr/local/rvm/gems/ruby-2.1.0/specifications/sdoc-0.4.0.gemspec
I, [2014-01-21T18:04:55.006042 #29785]  INFO -- : 0:  shoulda-matchers (2.5.0) from /usr/local/rvm/gems/ruby-2.1.0/specifications/shoulda-matchers-2.5.0.gemspec
I, [2014-01-21T18:04:55.006445 #29785]  INFO -- : 0:  sqlite3 (1.3.8) from /usr/local/rvm/gems/ruby-2.1.0/specifications/sqlite3-1.3.8.gemspec
I, [2014-01-21T18:04:55.006791 #29785]  INFO -- : 0:  turbolinks (2.2.0) from /usr/local/rvm/gems/ruby-2.1.0/specifications/turbolinks-2.2.0.gemspec
I, [2014-01-21T18:04:55.007203 #29785]  INFO -- : 0:  uglifier (2.4.0) from /usr/local/rvm/gems/ruby-2.1.0/specifications/uglifier-2.4.0.gemspec
